running egg_info
writing ../../build/tello/tello.egg-info/PKG-INFO
writing dependency_links to ../../build/tello/tello.egg-info/dependency_links.txt
writing entry points to ../../build/tello/tello.egg-info/entry_points.txt
writing requirements to ../../build/tello/tello.egg-info/requires.txt
writing top-level names to ../../build/tello/tello.egg-info/top_level.txt
reading manifest file '../../build/tello/tello.egg-info/SOURCES.txt'
writing manifest file '../../build/tello/tello.egg-info/SOURCES.txt'
running build
running build_py
copying tello/tello.py -> /workspaces/ARF/build/tello/build/lib/tello
running install
running install_lib
copying /workspaces/ARF/build/tello/build/lib/tello/tello.py -> /workspaces/ARF/install/tello/lib/python3.12/site-packages/tello
byte-compiling /workspaces/ARF/install/tello/lib/python3.12/site-packages/tello/tello.py to tello.cpython-312.pyc
running install_data
running install_egg_info
removing '/workspaces/ARF/install/tello/lib/python3.12/site-packages/tello-0.0.0-py3.12.egg-info' (and everything under it)
Copying ../../build/tello/tello.egg-info to /workspaces/ARF/install/tello/lib/python3.12/site-packages/tello-0.0.0-py3.12.egg-info
running install_scripts
Installing tello_bringup script to /workspaces/ARF/install/tello/lib/tello
writing list of installed files to '/workspaces/ARF/build/tello/install.log'
