running egg_info
creating ../../build/tello/tello.egg-info
writing ../../build/tello/tello.egg-info/PKG-INFO
writing dependency_links to ../../build/tello/tello.egg-info/dependency_links.txt
writing requirements to ../../build/tello/tello.egg-info/requires.txt
writing top-level names to ../../build/tello/tello.egg-info/top_level.txt
writing manifest file '../../build/tello/tello.egg-info/SOURCES.txt'
reading manifest file '../../build/tello/tello.egg-info/SOURCES.txt'
writing manifest file '../../build/tello/tello.egg-info/SOURCES.txt'
running build
running build_py
creating /workspaces/ARF/build/tello/build
creating /workspaces/ARF/build/tello/build/lib
creating /workspaces/ARF/build/tello/build/lib/tello
copying tello/constants.py -> /workspaces/ARF/build/tello/build/lib/tello
copying tello/tello.py -> /workspaces/ARF/build/tello/build/lib/tello
copying tello/__init__.py -> /workspaces/ARF/build/tello/build/lib/tello
running install
running install_lib
creating /workspaces/ARF/install/tello/lib/python3.12/site-packages/tello
copying /workspaces/ARF/build/tello/build/lib/tello/constants.py -> /workspaces/ARF/install/tello/lib/python3.12/site-packages/tello
copying /workspaces/ARF/build/tello/build/lib/tello/tello.py -> /workspaces/ARF/install/tello/lib/python3.12/site-packages/tello
copying /workspaces/ARF/build/tello/build/lib/tello/__init__.py -> /workspaces/ARF/install/tello/lib/python3.12/site-packages/tello
byte-compiling /workspaces/ARF/install/tello/lib/python3.12/site-packages/tello/constants.py to constants.cpython-312.pyc
byte-compiling /workspaces/ARF/install/tello/lib/python3.12/site-packages/tello/tello.py to tello.cpython-312.pyc
byte-compiling /workspaces/ARF/install/tello/lib/python3.12/site-packages/tello/__init__.py to __init__.cpython-312.pyc
running install_data
creating /workspaces/ARF/install/tello/share/ament_index
creating /workspaces/ARF/install/tello/share/ament_index/resource_index
creating /workspaces/ARF/install/tello/share/ament_index/resource_index/packages
copying resource/tello -> /workspaces/ARF/install/tello/share/ament_index/resource_index/packages
copying package.xml -> /workspaces/ARF/install/tello/share/tello
running install_egg_info
Copying ../../build/tello/tello.egg-info to /workspaces/ARF/install/tello/lib/python3.12/site-packages/tello-0.0.0-py3.12.egg-info
running install_scripts
writing list of installed files to '/workspaces/ARF/build/tello/install.log'
