[0.325s] Invoking command in '/workspaces/ARF/src/tello': PYTHONPATH=/workspaces/ARF/build/tello/prefix_override:/usr/lib/python3/dist-packages/colcon_core/task/python/colcon_distutils_commands:/workspaces/ARF/install/tello/lib/python3.12/site-packages:${PYTHONPATH} /usr/bin/python3 -W ignore:setup.py install is deprecated -W ignore:easy_install command is deprecated setup.py egg_info --egg-base ../../build/tello build --build-base /workspaces/ARF/build/tello/build install --record /workspaces/ARF/build/tello/install.log --single-version-externally-managed install_data
[0.400s] running egg_info
[0.404s] creating ../../build/tello/tello.egg-info
[0.405s] writing ../../build/tello/tello.egg-info/PKG-INFO
[0.405s] writing dependency_links to ../../build/tello/tello.egg-info/dependency_links.txt
[0.406s] writing requirements to ../../build/tello/tello.egg-info/requires.txt
[0.406s] writing top-level names to ../../build/tello/tello.egg-info/top_level.txt
[0.407s] writing manifest file '../../build/tello/tello.egg-info/SOURCES.txt'
[0.416s] reading manifest file '../../build/tello/tello.egg-info/SOURCES.txt'
[0.417s] writing manifest file '../../build/tello/tello.egg-info/SOURCES.txt'
[0.417s] running build
[0.418s] running build_py
[0.418s] creating /workspaces/ARF/build/tello/build
[0.418s] creating /workspaces/ARF/build/tello/build/lib
[0.418s] creating /workspaces/ARF/build/tello/build/lib/tello
[0.419s] copying tello/constants.py -> /workspaces/ARF/build/tello/build/lib/tello
[0.419s] copying tello/tello.py -> /workspaces/ARF/build/tello/build/lib/tello
[0.419s] copying tello/__init__.py -> /workspaces/ARF/build/tello/build/lib/tello
[0.422s] running install
[0.426s] running install_lib
[0.427s] creating /workspaces/ARF/install/tello/lib/python3.12/site-packages/tello
[0.427s] copying /workspaces/ARF/build/tello/build/lib/tello/constants.py -> /workspaces/ARF/install/tello/lib/python3.12/site-packages/tello
[0.428s] copying /workspaces/ARF/build/tello/build/lib/tello/tello.py -> /workspaces/ARF/install/tello/lib/python3.12/site-packages/tello
[0.429s] copying /workspaces/ARF/build/tello/build/lib/tello/__init__.py -> /workspaces/ARF/install/tello/lib/python3.12/site-packages/tello
[0.430s] byte-compiling /workspaces/ARF/install/tello/lib/python3.12/site-packages/tello/constants.py to constants.cpython-312.pyc
[0.431s] byte-compiling /workspaces/ARF/install/tello/lib/python3.12/site-packages/tello/tello.py to tello.cpython-312.pyc
[0.432s] byte-compiling /workspaces/ARF/install/tello/lib/python3.12/site-packages/tello/__init__.py to __init__.cpython-312.pyc
[0.433s] running install_data
[0.433s] creating /workspaces/ARF/install/tello/share/ament_index
[0.433s] creating /workspaces/ARF/install/tello/share/ament_index/resource_index
[0.433s] creating /workspaces/ARF/install/tello/share/ament_index/resource_index/packages
[0.434s] copying resource/tello -> /workspaces/ARF/install/tello/share/ament_index/resource_index/packages
[0.434s] copying package.xml -> /workspaces/ARF/install/tello/share/tello
[0.435s] running install_egg_info
[0.440s] Copying ../../build/tello/tello.egg-info to /workspaces/ARF/install/tello/lib/python3.12/site-packages/tello-0.0.0-py3.12.egg-info
[0.444s] running install_scripts
[0.478s] writing list of installed files to '/workspaces/ARF/build/tello/install.log'
[0.490s] Invoked command in '/workspaces/ARF/src/tello' returned '0': PYTHONPATH=/workspaces/ARF/build/tello/prefix_override:/usr/lib/python3/dist-packages/colcon_core/task/python/colcon_distutils_commands:/workspaces/ARF/install/tello/lib/python3.12/site-packages:${PYTHONPATH} /usr/bin/python3 -W ignore:setup.py install is deprecated -W ignore:easy_install command is deprecated setup.py egg_info --egg-base ../../build/tello build --build-base /workspaces/ARF/build/tello/build install --record /workspaces/ARF/build/tello/install.log --single-version-externally-managed install_data
